#
# There is insufficient memory for the Java Runtime Environment to continue.
# Native memory allocation (malloc) failed to allocate 1054896 bytes. Error detail: Chunk::new
# Possible reasons:
#   The system is out of physical RAM or swap space
#   This process is running with CompressedOops enabled, and the Java Heap may be blocking the growth of the native heap
# Possible solutions:
#   Reduce memory load on the system
#   Increase physical memory or swap space
#   Check if swap backing store is full
#   Decrease Java heap size (-Xmx/-Xms)
#   Decrease number of Java threads
#   Decrease Java thread stack sizes (-Xss)
#   Set larger code cache with -XX:ReservedCodeCacheSize=
#   JVM is running with Unscaled Compressed Oops mode in which the Java heap is
#     placed in the first 4GB address space. The Java Heap base address is the
#     maximum limit for the native heap growth. Please use -XX:HeapBaseMinAddress
#     to set the Java Heap base and to place the Java Heap above 4GB virtual address.
# This output file may be truncated or incomplete.
#
#  Out of Memory Error (arena.cpp:168), pid=24104, tid=10964
#
# JRE version: OpenJDK Runtime Environment Temurin-21.0.10+7 (21.0.10+7) (build 21.0.10+7-LTS)
# Java VM: OpenJDK 64-Bit Server VM Temurin-21.0.10+7 (21.0.10+7-LTS, mixed mode, sharing, tiered, compressed oops, compressed class ptrs, parallel gc, windows-amd64)
# No core dump will be written. Minidumps are not enabled by default on client versions of Windows
#

---------------  S U M M A R Y ------------

Command Line: --add-modules=ALL-SYSTEM --add-opens=java.base/java.util=ALL-UNNAMED --add-opens=java.base/java.lang=ALL-UNNAMED --add-opens=java.base/sun.nio.fs=ALL-UNNAMED -Declipse.application=org.eclipse.jdt.ls.core.id1 -Dosgi.bundles.defaultStartLevel=4 -Declipse.product=org.eclipse.jdt.ls.core.product -Djava.import.generatesMetadataFilesAtProjectRoot=false -DDetectVMInstallationsJob.disabled=true -Dfile.encoding=utf8 -XX:+UseParallelGC -XX:GCTimeRatio=4 -XX:AdaptiveSizePolicyWeight=90 -Dsun.zip.disableMemoryMapping=true -Xmx2G -Xms100m -Xlog:disable -javaagent:c:\Users\ducuy\.vscode\extensions\redhat.java-1.53.0-win32-x64\lombok\lombok-1.18.39-4050.jar c:\Users\ducuy\.vscode\extensions\redhat.java-1.53.0-win32-x64\server\plugins\org.eclipse.equinox.launcher_1.7.100.v20251111-0406.jar -configuration c:\Users\ducuy\AppData\Roaming\Code\User\globalStorage\redhat.java\1.53.0\config_ss_win -data c:\Users\ducuy\AppData\Roaming\Code\User\workspaceStorage\f2733c32d03fe664640ec7a2b5974a22\redhat.java\ss_ws --pipe=\\.\pipe\lsp-2e62753100e29a6c7855582cf90da7b8-sock

Host: Intel(R) Core(TM) i5-8250U CPU @ 1.60GHz, 8 cores, 11G,  Windows 11 , 64 bit Build 22621 (10.0.22621.5415)
Time: Wed Mar 25 23:00:42 2026 SE Asia Standard Time elapsed time: 29.572852 seconds (0d 0h 0m 29s)

---------------  T H R E A D  ---------------

Current thread (0x000001dce20555c0):  JavaThread "C2 CompilerThread0" daemon [_thread_in_native, id=10964, stack(0x0000009ed5c00000,0x0000009ed5d00000) (1024K)]


Current CompileTask:
C2:29572 4944       4       org.eclipse.osgi.internal.loader.BundleLoader::addExportedProvidersFor (167 bytes)

Stack: [0x0000009ed5c00000,0x0000009ed5d00000]
Native frames: (J=compiled Java code, j=interpreted, Vv=VM code, C=native code)
V  [jvm.dll+0x6d7a39]
V  [jvm.dll+0x8b4b26]
V  [jvm.dll+0x8b70de]
V  [jvm.dll+0x8b77c3]
V  [jvm.dll+0x284346]
V  [jvm.dll+0xc66ed]
V  [jvm.dll+0xc6c31]
V  [jvm.dll+0x3bec01]
V  [jvm.dll+0x38b162]
V  [jvm.dll+0x38a5aa]
V  [jvm.dll+0x24c560]
V  [jvm.dll+0x24bb40]
V  [jvm.dll+0x1cb34e]
V  [jvm.dll+0x25b85d]
V  [jvm.dll+0x259dea]
V  [jvm.dll+0x3f857e]
V  [jvm.dll+0x85f59d]
V  [jvm.dll+0x6d626d]
C  [ucrtbase.dll+0x29333]
C  [KERNEL32.DLL+0x1259d]
C  [ntdll.dll+0x5af78]


---------------  P R O C E S S  ---------------

Threads class SMR info:
_java_thread_list=0x000001dcea1fb430, length=36, elements={
0x000001dccb5dbcf0, 0x000001dccb68e670, 0x000001dce204ccf0, 0x000001dce20500a0,
0x000001dce20510b0, 0x000001dce2051d10, 0x000001dce2054780, 0x000001dce20555c0,
0x000001dce392aeb0, 0x000001dce3b1c4d0, 0x000001dce3c3cae0, 0x000001dce8207f90,
0x000001dce85eeea0, 0x000001dce84aa5a0, 0x000001dce390fcb0, 0x000001dce3bd1b90,
0x000001dce3a1fd80, 0x000001dce85ec2c0, 0x000001dce8a33aa0, 0x000001dce8a347c0,
0x000001dce8a326f0, 0x000001dce8a34130, 0x000001dce8a34e50, 0x000001dce8a354e0,
0x000001dce8a32060, 0x000001dce8a32d80, 0x000001dce8a33410, 0x000001dcea5ad210,
0x000001dcea5b3b10, 0x000001dcea5acb80, 0x000001dcea5b2df0, 0x000001dcea5b1a40,
0x000001dcea5b20d0, 0x000001dcea5ad8a0, 0x000001dcea836d30, 0x000001dce8068850
}

Java Threads: ( => current thread )
  0x000001dccb5dbcf0 JavaThread "main"                              [_thread_blocked, id=17304, stack(0x0000009ed5200000,0x0000009ed5300000) (1024K)]
  0x000001dccb68e670 JavaThread "Reference Handler"          daemon [_thread_blocked, id=4536, stack(0x0000009ed5600000,0x0000009ed5700000) (1024K)]
  0x000001dce204ccf0 JavaThread "Finalizer"                  daemon [_thread_blocked, id=17592, stack(0x0000009ed5700000,0x0000009ed5800000) (1024K)]
  0x000001dce20500a0 JavaThread "Signal Dispatcher"          daemon [_thread_blocked, id=19992, stack(0x0000009ed5800000,0x0000009ed5900000) (1024K)]
  0x000001dce20510b0 JavaThread "Attach Listener"            daemon [_thread_blocked, id=20792, stack(0x0000009ed5900000,0x0000009ed5a00000) (1024K)]
  0x000001dce2051d10 JavaThread "Service Thread"             daemon [_thread_blocked, id=2172, stack(0x0000009ed5a00000,0x0000009ed5b00000) (1024K)]
  0x000001dce2054780 JavaThread "Monitor Deflation Thread"   daemon [_thread_blocked, id=19104, stack(0x0000009ed5b00000,0x0000009ed5c00000) (1024K)]
=>0x000001dce20555c0 JavaThread "C2 CompilerThread0"         daemon [_thread_in_native, id=10964, stack(0x0000009ed5c00000,0x0000009ed5d00000) (1024K)]
  0x000001dce392aeb0 JavaThread "C1 CompilerThread0"         daemon [_thread_in_native, id=8476, stack(0x0000009ed5d00000,0x0000009ed5e00000) (1024K)]
  0x000001dce3b1c4d0 JavaThread "Common-Cleaner"             daemon [_thread_blocked, id=23272, stack(0x0000009ed5e00000,0x0000009ed5f00000) (1024K)]
  0x000001dce3c3cae0 JavaThread "Notification Thread"        daemon [_thread_blocked, id=13776, stack(0x0000009ed5f00000,0x0000009ed6000000) (1024K)]
  0x000001dce8207f90 JavaThread "Active Thread: Equinox Container: cfb2bf6a-adac-42ee-810e-ef72cfb18359"        [_thread_blocked, id=9468, stack(0x0000009ed6000000,0x0000009ed6100000) (1024K)]
  0x000001dce85eeea0 JavaThread "Framework Event Dispatcher: Equinox Container: cfb2bf6a-adac-42ee-810e-ef72cfb18359" daemon [_thread_blocked, id=19672, stack(0x0000009ed6700000,0x0000009ed6800000) (1024K)]
  0x000001dce84aa5a0 JavaThread "Start Level: Equinox Container: cfb2bf6a-adac-42ee-810e-ef72cfb18359" daemon [_thread_blocked, id=7312, stack(0x0000009ed6800000,0x0000009ed6900000) (1024K)]
  0x000001dce390fcb0 JavaThread "SCR Component Actor"        daemon [_thread_blocked, id=24088, stack(0x0000009ed6a00000,0x0000009ed6b00000) (1024K)]
  0x000001dce3bd1b90 JavaThread "Worker-JM"                         [_thread_blocked, id=14540, stack(0x0000009ed6c00000,0x0000009ed6d00000) (1024K)]
  0x000001dce3a1fd80 JavaThread "JNA Cleaner"                daemon [_thread_blocked, id=15160, stack(0x0000009ed6d00000,0x0000009ed6e00000) (1024K)]
  0x000001dce85ec2c0 JavaThread "Worker-0"                          [_thread_blocked, id=14356, stack(0x0000009ed6e00000,0x0000009ed6f00000) (1024K)]
  0x000001dce8a33aa0 JavaThread "Worker-1"                          [_thread_blocked, id=17928, stack(0x0000009ed6f00000,0x0000009ed7000000) (1024K)]
  0x000001dce8a347c0 JavaThread "Thread-1"                   daemon [_thread_in_native, id=7244, stack(0x0000009ed7200000,0x0000009ed7300000) (1024K)]
  0x000001dce8a326f0 JavaThread "Thread-2"                   daemon [_thread_in_native, id=796, stack(0x0000009ed7300000,0x0000009ed7400000) (1024K)]
  0x000001dce8a34130 JavaThread "Thread-3"                   daemon [_thread_in_native, id=25200, stack(0x0000009ed7400000,0x0000009ed7500000) (1024K)]
  0x000001dce8a34e50 JavaThread "Thread-4"                   daemon [_thread_in_native, id=5556, stack(0x0000009ed7500000,0x0000009ed7600000) (1024K)]
  0x000001dce8a354e0 JavaThread "Thread-5"                   daemon [_thread_in_native, id=15712, stack(0x0000009ed7600000,0x0000009ed7700000) (1024K)]
  0x000001dce8a32060 JavaThread "Thread-6"                   daemon [_thread_in_native, id=24092, stack(0x0000009ed7700000,0x0000009ed7800000) (1024K)]
  0x000001dce8a32d80 JavaThread "Thread-7"                   daemon [_thread_in_native, id=13544, stack(0x0000009ed7800000,0x0000009ed7900000) (1024K)]
  0x000001dce8a33410 JavaThread "Thread-8"                   daemon [_thread_in_native, id=8688, stack(0x0000009ed7900000,0x0000009ed7a00000) (1024K)]
  0x000001dcea5ad210 JavaThread "Thread-9"                   daemon [_thread_in_native, id=15252, stack(0x0000009ed7a00000,0x0000009ed7b00000) (1024K)]
  0x000001dcea5b3b10 JavaThread "pool-2-thread-1"                   [_thread_blocked, id=15352, stack(0x0000009ed7b00000,0x0000009ed7c00000) (1024K)]
  0x000001dcea5acb80 JavaThread "Worker-2"                          [_thread_blocked, id=6500, stack(0x0000009ed7c00000,0x0000009ed7d00000) (1024K)]
  0x000001dcea5b2df0 JavaThread "WorkspaceEventsHandler"            [_thread_blocked, id=14812, stack(0x0000009ed7d00000,0x0000009ed7e00000) (1024K)]
  0x000001dcea5b1a40 JavaThread "pool-1-thread-1"                   [_thread_in_Java, id=15052, stack(0x0000009ed7e00000,0x0000009ed7f00000) (1024K)]
  0x000001dcea5b20d0 JavaThread "ForkJoinPool.commonPool-worker-1" daemon [_thread_in_Java, id=19348, stack(0x0000009ed7f00000,0x0000009ed8000000) (1024K)]
  0x000001dcea5ad8a0 JavaThread "ForkJoinPool.commonPool-worker-2" daemon [_thread_in_Java, id=11552, stack(0x0000009ed8000000,0x0000009ed8100000) (1024K)]
  0x000001dcea836d30 JavaThread "C2 CompilerThread1"         daemon [_thread_in_native, id=7556, stack(0x0000009ed6b00000,0x0000009ed6c00000) (1024K)]
  0x000001dce8068850 JavaThread "C2 CompilerThread2"         daemon [_thread_in_native, id=10020, stack(0x0000009ed8100000,0x0000009ed8200000) (1024K)]
Total: 36

Other Threads:
  0x000001dce2043a40 VMThread "VM Thread"                           [id=15464, stack(0x0000009ed5500000,0x0000009ed5600000) (1024K)]
  0x000001dce1f5ca00 WatcherThread "VM Periodic Task Thread"        [id=21880, stack(0x0000009ed5400000,0x0000009ed5500000) (1024K)]
  0x000001dccb5fa0a0 WorkerThread "GC Thread#0"                     [id=20804, stack(0x0000009ed5300000,0x0000009ed5400000) (1024K)]
  0x000001dce85b2f10 WorkerThread "GC Thread#1"                     [id=19624, stack(0x0000009ed6100000,0x0000009ed6200000) (1024K)]
  0x000001dce85b36d0 WorkerThread "GC Thread#2"                     [id=17944, stack(0x0000009ed6200000,0x0000009ed6300000) (1024K)]
  0x000001dce8658720 WorkerThread "GC Thread#3"                     [id=19148, stack(0x0000009ed6300000,0x0000009ed6400000) (1024K)]
  0x000001dce8771df0 WorkerThread "GC Thread#4"                     [id=15828, stack(0x0000009ed6400000,0x0000009ed6500000) (1024K)]
  0x000001dce87721a0 WorkerThread "GC Thread#5"                     [id=16212, stack(0x0000009ed6500000,0x0000009ed6600000) (1024K)]
  0x000001dce8772550 WorkerThread "GC Thread#6"                     [id=8936, stack(0x0000009ed6600000,0x0000009ed6700000) (1024K)]
  0x000001dce38f8070 WorkerThread "GC Thread#7"                     [id=20740, stack(0x0000009ed6900000,0x0000009ed6a00000) (1024K)]
Total: 10

Threads with active compile tasks:
C2 CompilerThread0  29607 4944       4       org.eclipse.osgi.internal.loader.BundleLoader::addExportedProvidersFor (167 bytes)
C1 CompilerThread0  29607 5019       3       java.util.IdentityHashMap::get (60 bytes)
C2 CompilerThread1  29607 4992       4       java.util.regex.Matcher::find (69 bytes)
C2 CompilerThread2  29608 5001       4       org.eclipse.jface.text.DefaultLineTracker::nextDelimiterInfo (167 bytes)
Total: 4

VM state: not at safepoint (normal execution)

VM Mutex/Monitor currently owned by a thread: None

Heap address: 0x0000000080000000, size: 2048 MB, Compressed Oops mode: 32-bit

CDS archive(s) mapped at: [0x000001dc80000000-0x000001dc80ba0000-0x000001dc80ba0000), size 12189696, SharedBaseAddress: 0x000001dc80000000, ArchiveRelocationMode: 1.
Compressed class space mapped at: 0x000001dc81000000-0x000001dcc1000000, reserved size: 1073741824
Narrow klass base: 0x000001dc80000000, Narrow klass shift: 0, Narrow klass range: 0x100000000

GC Precious Log:
 CardTable entry size: 512
 CPUs: 8 total, 8 available
 Memory: 12152M
 Large Page Support: Disabled
 NUMA Support: Disabled
 Compressed Oops: Enabled (32-bit)
 Alignments: Space 512K, Generation 512K, Heap 2M
 Heap Min Capacity: 100M
 Heap Initial Capacity: 100M
 Heap Max Capacity: 2G
 Pre-touch: Disabled
 Parallel Workers: 8

Heap:
 PSYoungGen      total 22528K, used 16429K [0x00000000d5580000, 0x00000000d6d00000, 0x0000000100000000)
  eden space 22016K, 72% used [0x00000000d5580000,0x00000000d65237c8,0x00000000d6b00000)
  from space 512K, 81% used [0x00000000d6c80000,0x00000000d6ce8000,0x00000000d6d00000)
  to   space 512K, 0% used [0x00000000d6c00000,0x00000000d6c00000,0x00000000d6c80000)
 ParOldGen       total 68608K, used 29088K [0x0000000080000000, 0x0000000084300000, 0x00000000d5580000)
  object space 68608K, 42% used [0x0000000080000000,0x0000000081c68280,0x0000000084300000)
 Metaspace       used 39005K, committed 40000K, reserved 1114112K
  class space    used 3964K, committed 4416K, reserved 1048576K

Card table byte_map: [0x000001dccafa0000,0x000001dccb3b0000] _byte_map_base: 0x000001dccaba0000

Marking Bits: (ParMarkBitMap*) 0x00007ffb469c3450
 Begin Bits: [0x000001dcdda80000, 0x000001dcdfa80000)
 End Bits:   [0x000001dcdfa80000, 0x000001dce1a80000)

Polling page: 0x000001dccad90000

Metaspace:

Usage:
  Non-class:     34.22 MB used.
      Class:      3.87 MB used.
       Both:     38.09 MB used.

Virtual space:
  Non-class space:       64.00 MB reserved,      34.81 MB ( 54%) committed,  1 nodes.
      Class space:        1.00 GB reserved,       4.31 MB ( <1%) committed,  1 nodes.
             Both:        1.06 GB reserved,      39.12 MB (  4%) committed. 

Chunk freelists:
   Non-Class:  12.98 MB
       Class:  11.66 MB
        Both:  24.64 MB

MaxMetaspaceSize: unlimited
CompressedClassSpaceSize: 1.00 GB
Initial GC threshold: 21.00 MB
Current GC threshold: 58.38 MB
CDS: on
 - commit_granule_bytes: 65536.
 - commit_granule_words: 8192.
 - virtual_space_node_default_size: 8388608.
 - enlarge_chunks_in_place: 1.
 - use_allocation_guard: 0.


Internal statistics:

num_allocs_failed_limit: 6.
num_arena_births: 778.
num_arena_deaths: 70.
num_vsnodes_births: 2.
num_vsnodes_deaths: 0.
num_space_committed: 626.
num_space_uncommitted: 0.
num_chunks_returned_to_freelist: 93.
num_chunks_taken_from_freelist: 2448.
num_chunk_merges: 13.
num_chunk_splits: 1512.
num_chunks_enlarged: 941.
num_inconsistent_stats: 0.

CodeHeap 'non-profiled nmethods': size=120000Kb used=2829Kb max_used=2829Kb free=117170Kb
 bounds [0x000001dcd62a0000, 0x000001dcd6570000, 0x000001dcdd7d0000]
CodeHeap 'profiled nmethods': size=120000Kb used=9663Kb max_used=9663Kb free=110336Kb
 bounds [0x000001dcce7d0000, 0x000001dccf170000, 0x000001dcd5d00000]
CodeHeap 'non-nmethods': size=5760Kb used=1381Kb max_used=1450Kb free=4378Kb
 bounds [0x000001dcd5d00000, 0x000001dcd5f70000, 0x000001dcd62a0000]
CodeCache: size=245760Kb, used=13873Kb, max_used=13942Kb, free=231884Kb
 total_blobs=5292, nmethods=4606, adapters=592, full_count=0
Compilation: enabled, stopped_count=0, restarted_count=0

Compilation events (20 events):
Event: 29.462 Thread 0x000001dce392aeb0 4984       3       org.eclipse.jface.text.DefaultLineTracker::nextDelimiterInfo (167 bytes)
Event: 29.464 Thread 0x000001dce392aeb0 nmethod 4984 0x000001dcce864a10 code [0x000001dcce864cc0, 0x000001dcce865a70]
Event: 29.465 Thread 0x000001dce392aeb0 4986       3       org.eclipse.jface.text.AbstractLineTracker$1::nextDelimiterInfo (10 bytes)
Event: 29.466 Thread 0x000001dce392aeb0 nmethod 4986 0x000001dcce810d90 code [0x000001dcce810f40, 0x000001dcce811098]
Event: 29.466 Thread 0x000001dce392aeb0 4987       3       org.eclipse.jface.text.Line::<init> (24 bytes)
Event: 29.466 Thread 0x000001dce392aeb0 nmethod 4987 0x000001dcce810990 code [0x000001dcce810b40, 0x000001dcce810cd0]
Event: 29.468 Thread 0x000001dcea836d30 nmethod 4974 0x000001dcd62e2890 code [0x000001dcd62e2a40, 0x000001dcd62e2f78]
Event: 29.468 Thread 0x000001dcea836d30 4985       4       java.lang.StringUTF16::charAt (11 bytes)
Event: 29.469 Thread 0x000001dcea836d30 nmethod 4985 0x000001dcd62e2510 code [0x000001dcd62e26a0, 0x000001dcd62e2750]
Event: 29.469 Thread 0x000001dcea836d30 4949       4       org.eclipse.osgi.internal.loader.classpath.ClasspathManager::processClass (91 bytes)
Event: 29.470 Thread 0x000001dcea836d30 nmethod 4949 0x000001dcd62e2190 code [0x000001dcd62e2320, 0x000001dcd62e2420]
Event: 29.470 Thread 0x000001dcea836d30 4945       4       org.eclipse.osgi.internal.loader.BundleLoader::findClass (8 bytes)
Event: 29.471 Thread 0x000001dcea836d30 nmethod 4945 0x000001dcd62e1e90 code [0x000001dcd62e2020, 0x000001dcd62e20e0]
Event: 29.498 Thread 0x000001dce392aeb0 4988       3       java.util.IdentityHashMap$IdentityHashMapIterator::<init> (63 bytes)
Event: 29.499 Thread 0x000001dce392aeb0 nmethod 4988 0x000001dcce810490 code [0x000001dcce810640, 0x000001dcce810860]
Event: 29.529 Thread 0x000001dcea836d30 4989       4       java.util.ArrayList$SubList::size (9 bytes)
Event: 29.532 Thread 0x000001dcea836d30 nmethod 4989 0x000001dcd62e1b90 code [0x000001dcd62e1d20, 0x000001dcd62e1df0]
Event: 29.542 Thread 0x000001dcea836d30 4990   !   4       java.util.Collections$SynchronizedCollection::contains (25 bytes)
Event: 29.544 Thread 0x000001dce392aeb0 4991       3       java.lang.String::valueOf (39 bytes)
Event: 29.544 Thread 0x000001dce392aeb0 nmethod 4991 0x000001dcce863f90 code [0x000001dcce864180, 0x000001dcce8647e8]

GC Heap History (20 events):
Event: 26.390 GC heap before
{Heap before GC invocations=13 (full 1):
 PSYoungGen      total 25088K, used 24576K [0x00000000d5580000, 0x00000000d7180000, 0x0000000100000000)
  eden space 22528K, 100% used [0x00000000d5580000,0x00000000d6b80000,0x00000000d6b80000)
  from space 2560K, 80% used [0x00000000d6d80000,0x00000000d6f80010,0x00000000d7000000)
  to   space 1536K, 0% used [0x00000000d7000000,0x00000000d7000000,0x00000000d7180000)
 ParOldGen       total 68608K, used 16941K [0x0000000080000000, 0x0000000084300000, 0x00000000d5580000)
  object space 68608K, 24% used [0x0000000080000000,0x000000008108b468,0x0000000084300000)
 Metaspace       used 32302K, committed 33280K, reserved 1114112K
  class space    used 3281K, committed 3712K, reserved 1048576K
}
Event: 26.396 GC heap after
{Heap after GC invocations=13 (full 1):
 PSYoungGen      total 23552K, used 1506K [0x00000000d5580000, 0x00000000d7500000, 0x0000000100000000)
  eden space 22016K, 0% used [0x00000000d5580000,0x00000000d5580000,0x00000000d6b00000)
  from space 1536K, 98% used [0x00000000d7000000,0x00000000d7178830,0x00000000d7180000)
  to   space 5120K, 0% used [0x00000000d6b00000,0x00000000d6b00000,0x00000000d7000000)
 ParOldGen       total 68608K, used 19945K [0x0000000080000000, 0x0000000084300000, 0x00000000d5580000)
  object space 68608K, 29% used [0x0000000080000000,0x000000008137a5c0,0x0000000084300000)
 Metaspace       used 32302K, committed 33280K, reserved 1114112K
  class space    used 3281K, committed 3712K, reserved 1048576K
}
Event: 26.533 GC heap before
{Heap before GC invocations=14 (full 1):
 PSYoungGen      total 23552K, used 23522K [0x00000000d5580000, 0x00000000d7500000, 0x0000000100000000)
  eden space 22016K, 100% used [0x00000000d5580000,0x00000000d6b00000,0x00000000d6b00000)
  from space 1536K, 98% used [0x00000000d7000000,0x00000000d7178830,0x00000000d7180000)
  to   space 5120K, 0% used [0x00000000d6b00000,0x00000000d6b00000,0x00000000d7000000)
 ParOldGen       total 68608K, used 19945K [0x0000000080000000, 0x0000000084300000, 0x00000000d5580000)
  object space 68608K, 29% used [0x0000000080000000,0x000000008137a5c0,0x0000000084300000)
 Metaspace       used 32324K, committed 33344K, reserved 1114112K
  class space    used 3281K, committed 3712K, reserved 1048576K
}
Event: 26.538 GC heap after
{Heap after GC invocations=14 (full 1):
 PSYoungGen      total 24576K, used 2112K [0x00000000d5580000, 0x00000000d7100000, 0x0000000100000000)
  eden space 22016K, 0% used [0x00000000d5580000,0x00000000d5580000,0x00000000d6b00000)
  from space 2560K, 82% used [0x00000000d6b00000,0x00000000d6d10000,0x00000000d6d80000)
  to   space 3072K, 0% used [0x00000000d6e00000,0x00000000d6e00000,0x00000000d7100000)
 ParOldGen       total 68608K, used 21428K [0x0000000080000000, 0x0000000084300000, 0x00000000d5580000)
  object space 68608K, 31% used [0x0000000080000000,0x00000000814ed040,0x0000000084300000)
 Metaspace       used 32324K, committed 33344K, reserved 1114112K
  class space    used 3281K, committed 3712K, reserved 1048576K
}
Event: 26.655 GC heap before
{Heap before GC invocations=15 (full 1):
 PSYoungGen      total 24576K, used 24128K [0x00000000d5580000, 0x00000000d7100000, 0x0000000100000000)
  eden space 22016K, 100% used [0x00000000d5580000,0x00000000d6b00000,0x00000000d6b00000)
  from space 2560K, 82% used [0x00000000d6b00000,0x00000000d6d10000,0x00000000d6d80000)
  to   space 3072K, 0% used [0x00000000d6e00000,0x00000000d6e00000,0x00000000d7100000)
 ParOldGen       total 68608K, used 21428K [0x0000000080000000, 0x0000000084300000, 0x00000000d5580000)
  object space 68608K, 31% used [0x0000000080000000,0x00000000814ed040,0x0000000084300000)
 Metaspace       used 32333K, committed 33408K, reserved 1114112K
  class space    used 3281K, committed 3712K, reserved 1048576K
}
Event: 26.661 GC heap after
{Heap after GC invocations=15 (full 1):
 PSYoungGen      total 24576K, used 2276K [0x00000000d5580000, 0x00000000d7080000, 0x0000000100000000)
  eden space 22016K, 0% used [0x00000000d5580000,0x00000000d5580000,0x00000000d6b00000)
  from space 2560K, 88% used [0x00000000d6e00000,0x00000000d7039000,0x00000000d7080000)
  to   space 2560K, 0% used [0x00000000d6b00000,0x00000000d6b00000,0x00000000d6d80000)
 ParOldGen       total 68608K, used 23375K [0x0000000080000000, 0x0000000084300000, 0x00000000d5580000)
  object space 68608K, 34% used [0x0000000080000000,0x00000000816d3d50,0x0000000084300000)
 Metaspace       used 32333K, committed 33408K, reserved 1114112K
  class space    used 3281K, committed 3712K, reserved 1048576K
}
Event: 26.811 GC heap before
{Heap before GC invocations=16 (full 1):
 PSYoungGen      total 24576K, used 24292K [0x00000000d5580000, 0x00000000d7080000, 0x0000000100000000)
  eden space 22016K, 100% used [0x00000000d5580000,0x00000000d6b00000,0x00000000d6b00000)
  from space 2560K, 88% used [0x00000000d6e00000,0x00000000d7039000,0x00000000d7080000)
  to   space 2560K, 0% used [0x00000000d6b00000,0x00000000d6b00000,0x00000000d6d80000)
 ParOldGen       total 68608K, used 23375K [0x0000000080000000, 0x0000000084300000, 0x00000000d5580000)
  object space 68608K, 34% used [0x0000000080000000,0x00000000816d3d50,0x0000000084300000)
 Metaspace       used 32438K, committed 33472K, reserved 1114112K
  class space    used 3284K, committed 3712K, reserved 1048576K
}
Event: 26.819 GC heap after
{Heap after GC invocations=16 (full 1):
 PSYoungGen      total 24576K, used 2240K [0x00000000d5580000, 0x00000000d7000000, 0x0000000100000000)
  eden space 22016K, 0% used [0x00000000d5580000,0x00000000d5580000,0x00000000d6b00000)
  from space 2560K, 87% used [0x00000000d6b00000,0x00000000d6d30010,0x00000000d6d80000)
  to   space 2560K, 0% used [0x00000000d6d80000,0x00000000d6d80000,0x00000000d7000000)
 ParOldGen       total 68608K, used 25436K [0x0000000080000000, 0x0000000084300000, 0x00000000d5580000)
  object space 68608K, 37% used [0x0000000080000000,0x00000000818d7378,0x0000000084300000)
 Metaspace       used 32438K, committed 33472K, reserved 1114112K
  class space    used 3284K, committed 3712K, reserved 1048576K
}
Event: 26.975 GC heap before
{Heap before GC invocations=17 (full 1):
 PSYoungGen      total 24576K, used 24256K [0x00000000d5580000, 0x00000000d7000000, 0x0000000100000000)
  eden space 22016K, 100% used [0x00000000d5580000,0x00000000d6b00000,0x00000000d6b00000)
  from space 2560K, 87% used [0x00000000d6b00000,0x00000000d6d30010,0x00000000d6d80000)
  to   space 2560K, 0% used [0x00000000d6d80000,0x00000000d6d80000,0x00000000d7000000)
 ParOldGen       total 68608K, used 25436K [0x0000000080000000, 0x0000000084300000, 0x00000000d5580000)
  object space 68608K, 37% used [0x0000000080000000,0x00000000818d7378,0x0000000084300000)
 Metaspace       used 32497K, committed 33472K, reserved 1114112K
  class space    used 3284K, committed 3712K, reserved 1048576K
}
Event: 26.981 GC heap after
{Heap after GC invocations=17 (full 1):
 PSYoungGen      total 24064K, used 1912K [0x00000000d5580000, 0x00000000d6f80000, 0x0000000100000000)
  eden space 22016K, 0% used [0x00000000d5580000,0x00000000d5580000,0x00000000d6b00000)
  from space 2048K, 93% used [0x00000000d6d80000,0x00000000d6f5e200,0x00000000d6f80000)
  to   space 2048K, 0% used [0x00000000d6b80000,0x00000000d6b80000,0x00000000d6d80000)
 ParOldGen       total 68608K, used 27628K [0x0000000080000000, 0x0000000084300000, 0x00000000d5580000)
  object space 68608K, 40% used [0x0000000080000000,0x0000000081afb388,0x0000000084300000)
 Metaspace       used 32497K, committed 33472K, reserved 1114112K
  class space    used 3284K, committed 3712K, reserved 1048576K
}
Event: 27.680 GC heap before
{Heap before GC invocations=18 (full 1):
 PSYoungGen      total 24064K, used 20767K [0x00000000d5580000, 0x00000000d6f80000, 0x0000000100000000)
  eden space 22016K, 85% used [0x00000000d5580000,0x00000000d67e9ce8,0x00000000d6b00000)
  from space 2048K, 93% used [0x00000000d6d80000,0x00000000d6f5e200,0x00000000d6f80000)
  to   space 2048K, 0% used [0x00000000d6b80000,0x00000000d6b80000,0x00000000d6d80000)
 ParOldGen       total 68608K, used 27628K [0x0000000080000000, 0x0000000084300000, 0x00000000d5580000)
  object space 68608K, 40% used [0x0000000080000000,0x0000000081afb388,0x0000000084300000)
 Metaspace       used 34871K, committed 35840K, reserved 1114112K
  class space    used 3536K, committed 3968K, reserved 1048576K
}
Event: 27.684 GC heap after
{Heap after GC invocations=18 (full 1):
 PSYoungGen      total 23552K, used 1231K [0x00000000d5580000, 0x00000000d6e00000, 0x0000000100000000)
  eden space 22016K, 0% used [0x00000000d5580000,0x00000000d5580000,0x00000000d6b00000)
  from space 1536K, 80% used [0x00000000d6b80000,0x00000000d6cb3ea8,0x00000000d6d00000)
  to   space 1024K, 0% used [0x00000000d6d00000,0x00000000d6d00000,0x00000000d6e00000)
 ParOldGen       total 68608K, used 29421K [0x0000000080000000, 0x0000000084300000, 0x00000000d5580000)
  object space 68608K, 42% used [0x0000000080000000,0x0000000081cbb588,0x0000000084300000)
 Metaspace       used 34871K, committed 35840K, reserved 1114112K
  class space    used 3536K, committed 3968K, reserved 1048576K
}
Event: 27.684 GC heap before
{Heap before GC invocations=19 (full 2):
 PSYoungGen      total 23552K, used 1231K [0x00000000d5580000, 0x00000000d6e00000, 0x0000000100000000)
  eden space 22016K, 0% used [0x00000000d5580000,0x00000000d5580000,0x00000000d6b00000)
  from space 1536K, 80% used [0x00000000d6b80000,0x00000000d6cb3ea8,0x00000000d6d00000)
  to   space 1024K, 0% used [0x00000000d6d00000,0x00000000d6d00000,0x00000000d6e00000)
 ParOldGen       total 68608K, used 29421K [0x0000000080000000, 0x0000000084300000, 0x00000000d5580000)
  object space 68608K, 42% used [0x0000000080000000,0x0000000081cbb588,0x0000000084300000)
 Metaspace       used 34871K, committed 35840K, reserved 1114112K
  class space    used 3536K, committed 3968K, reserved 1048576K
}
Event: 27.786 GC heap after
{Heap after GC invocations=19 (full 2):
 PSYoungGen      total 23552K, used 0K [0x00000000d5580000, 0x00000000d6e00000, 0x0000000100000000)
  eden space 22016K, 0% used [0x00000000d5580000,0x00000000d5580000,0x00000000d6b00000)
  from space 1536K, 0% used [0x00000000d6b80000,0x00000000d6b80000,0x00000000d6d00000)
  to   space 1024K, 0% used [0x00000000d6d00000,0x00000000d6d00000,0x00000000d6e00000)
 ParOldGen       total 68608K, used 28872K [0x0000000080000000, 0x0000000084300000, 0x00000000d5580000)
  object space 68608K, 42% used [0x0000000080000000,0x0000000081c32280,0x0000000084300000)
 Metaspace       used 34822K, committed 35840K, reserved 1114112K
  class space    used 3522K, committed 3968K, reserved 1048576K
}
Event: 28.024 GC heap before
{Heap before GC invocations=20 (full 2):
 PSYoungGen      total 23552K, used 21990K [0x00000000d5580000, 0x00000000d6e00000, 0x0000000100000000)
  eden space 22016K, 99% used [0x00000000d5580000,0x00000000d6af98e8,0x00000000d6b00000)
  from space 1536K, 0% used [0x00000000d6b80000,0x00000000d6b80000,0x00000000d6d00000)
  to   space 1024K, 0% used [0x00000000d6d00000,0x00000000d6d00000,0x00000000d6e00000)
 ParOldGen       total 68608K, used 28872K [0x0000000080000000, 0x0000000084300000, 0x00000000d5580000)
  object space 68608K, 42% used [0x0000000080000000,0x0000000081c32280,0x0000000084300000)
 Metaspace       used 35015K, committed 36032K, reserved 1114112K
  class space    used 3533K, committed 3968K, reserved 1048576K
}
Event: 28.026 GC heap after
{Heap after GC invocations=20 (full 2):
 PSYoungGen      total 23040K, used 827K [0x00000000d5580000, 0x00000000d6e00000, 0x0000000100000000)
  eden space 22016K, 0% used [0x00000000d5580000,0x00000000d5580000,0x00000000d6b00000)
  from space 1024K, 80% used [0x00000000d6d00000,0x00000000d6dceca0,0x00000000d6e00000)
  to   space 1024K, 0% used [0x00000000d6c00000,0x00000000d6c00000,0x00000000d6d00000)
 ParOldGen       total 68608K, used 28880K [0x0000000080000000, 0x0000000084300000, 0x00000000d5580000)
  object space 68608K, 42% used [0x0000000080000000,0x0000000081c34280,0x0000000084300000)
 Metaspace       used 35015K, committed 36032K, reserved 1114112K
  class space    used 3533K, committed 3968K, reserved 1048576K
}
Event: 28.318 GC heap before
{Heap before GC invocations=21 (full 2):
 PSYoungGen      total 23040K, used 22843K [0x00000000d5580000, 0x00000000d6e00000, 0x0000000100000000)
  eden space 22016K, 100% used [0x00000000d5580000,0x00000000d6b00000,0x00000000d6b00000)
  from space 1024K, 80% used [0x00000000d6d00000,0x00000000d6dceca0,0x00000000d6e00000)
  to   space 1024K, 0% used [0x00000000d6c00000,0x00000000d6c00000,0x00000000d6d00000)
 ParOldGen       total 68608K, used 28880K [0x0000000080000000, 0x0000000084300000, 0x00000000d5580000)
  object space 68608K, 42% used [0x0000000080000000,0x0000000081c34280,0x0000000084300000)
 Metaspace       used 36253K, committed 37248K, reserved 1114112K
  class space    used 3662K, committed 4096K, reserved 1048576K
}
Event: 28.319 GC heap after
{Heap after GC invocations=21 (full 2):
 PSYoungGen      total 22528K, used 288K [0x00000000d5580000, 0x00000000d6d80000, 0x0000000100000000)
  eden space 22016K, 0% used [0x00000000d5580000,0x00000000d5580000,0x00000000d6b00000)
  from space 512K, 56% used [0x00000000d6c00000,0x00000000d6c48000,0x00000000d6c80000)
  to   space 1024K, 0% used [0x00000000d6c80000,0x00000000d6c80000,0x00000000d6d80000)
 ParOldGen       total 68608K, used 28952K [0x0000000080000000, 0x0000000084300000, 0x00000000d5580000)
  object space 68608K, 42% used [0x0000000080000000,0x0000000081c46280,0x0000000084300000)
 Metaspace       used 36253K, committed 37248K, reserved 1114112K
  class space    used 3662K, committed 4096K, reserved 1048576K
}
Event: 29.186 GC heap before
{Heap before GC invocations=22 (full 2):
 PSYoungGen      total 22528K, used 22304K [0x00000000d5580000, 0x00000000d6d80000, 0x0000000100000000)
  eden space 22016K, 100% used [0x00000000d5580000,0x00000000d6b00000,0x00000000d6b00000)
  from space 512K, 56% used [0x00000000d6c00000,0x00000000d6c48000,0x00000000d6c80000)
  to   space 1024K, 0% used [0x00000000d6c80000,0x00000000d6c80000,0x00000000d6d80000)
 ParOldGen       total 68608K, used 28952K [0x0000000080000000, 0x0000000084300000, 0x00000000d5580000)
  object space 68608K, 42% used [0x0000000080000000,0x0000000081c46280,0x0000000084300000)
 Metaspace       used 37224K, committed 38208K, reserved 1114112K
  class space    used 3781K, committed 4224K, reserved 1048576K
}
Event: 29.187 GC heap after
{Heap after GC invocations=22 (full 2):
 PSYoungGen      total 22528K, used 416K [0x00000000d5580000, 0x00000000d6d00000, 0x0000000100000000)
  eden space 22016K, 0% used [0x00000000d5580000,0x00000000d5580000,0x00000000d6b00000)
  from space 512K, 81% used [0x00000000d6c80000,0x00000000d6ce8000,0x00000000d6d00000)
  to   space 512K, 0% used [0x00000000d6c00000,0x00000000d6c00000,0x00000000d6c80000)
 ParOldGen       total 68608K, used 29088K [0x0000000080000000, 0x0000000084300000, 0x00000000d5580000)
  object space 68608K, 42% used [0x0000000080000000,0x0000000081c68280,0x0000000084300000)
 Metaspace       used 37224K, committed 38208K, reserved 1114112K
  class space    used 3781K, committed 4224K, reserved 1048576K
}

Dll operation events (10 events):
Event: 0.402 Loaded shared library c:\Users\ducuy\.vscode\extensions\redhat.java-1.53.0-win32-x64\jre\21.0.10-win32-x86_64\bin\java.dll
Event: 0.691 Loaded shared library c:\Users\ducuy\.vscode\extensions\redhat.java-1.53.0-win32-x64\jre\21.0.10-win32-x86_64\bin\zip.dll
Event: 0.785 Loaded shared library C:\Users\ducuy\.vscode\extensions\redhat.java-1.53.0-win32-x64\jre\21.0.10-win32-x86_64\bin\instrument.dll
Event: 1.006 Loaded shared library C:\Users\ducuy\.vscode\extensions\redhat.java-1.53.0-win32-x64\jre\21.0.10-win32-x86_64\bin\net.dll
Event: 1.254 Loaded shared library C:\Users\ducuy\.vscode\extensions\redhat.java-1.53.0-win32-x64\jre\21.0.10-win32-x86_64\bin\nio.dll
Event: 1.272 Loaded shared library C:\Users\ducuy\.vscode\extensions\redhat.java-1.53.0-win32-x64\jre\21.0.10-win32-x86_64\bin\zip.dll
Event: 1.421 Loaded shared library C:\Users\ducuy\.vscode\extensions\redhat.java-1.53.0-win32-x64\jre\21.0.10-win32-x86_64\bin\jimage.dll
Event: 1.881 Loaded shared library c:\Users\ducuy\.vscode\extensions\redhat.java-1.53.0-win32-x64\jre\21.0.10-win32-x86_64\bin\verify.dll
Event: 20.669 Loaded shared library C:\Users\ducuy\AppData\Roaming\Code\User\globalStorage\redhat.java\1.53.0\config_ss_win\org.eclipse.equinox.launcher\org.eclipse.equinox.launcher.win32.win32.x86_64_1.3.0.v20260203-2149\eclipse_11919.dll
Event: 22.074 Loaded shared library C:\Users\ducuy\AppData\Local\Temp\jna-95936534\jna13661999730946423862.dll

Deoptimization events (20 events):
Event: 28.516 Thread 0x000001dcea5b1a40 DEOPT PACKING pc=0x000001dcce8783f8 sp=0x0000009ed7efad40
Event: 28.516 Thread 0x000001dcea5b1a40 DEOPT UNPACKING pc=0x000001dcd5d54242 sp=0x0000009ed7efa228 mode 0
Event: 28.703 Thread 0x000001dcea5b1a40 DEOPT PACKING pc=0x000001dcce8783f8 sp=0x0000009ed7efc040
Event: 28.703 Thread 0x000001dcea5b1a40 DEOPT UNPACKING pc=0x000001dcd5d54242 sp=0x0000009ed7efb528 mode 0
Event: 29.122 Thread 0x000001dcea5b1a40 DEOPT PACKING pc=0x000001dcce88dab9 sp=0x0000009ed7efbb80
Event: 29.122 Thread 0x000001dcea5b1a40 DEOPT UNPACKING pc=0x000001dcd5d54242 sp=0x0000009ed7efb080 mode 0
Event: 29.222 Thread 0x000001dcea5b20d0 DEOPT PACKING pc=0x000001dccea0cd7b sp=0x0000009ed7ff95a0
Event: 29.222 Thread 0x000001dcea5b20d0 DEOPT UNPACKING pc=0x000001dcd5d54242 sp=0x0000009ed7ff8ad8 mode 0
Event: 29.294 Thread 0x000001dcea5ad8a0 Uncommon trap: trap_request=0xffffffbe fr.pc=0x000001dcd62ef074 relative=0x0000000000000b94
Event: 29.294 Thread 0x000001dcea5ad8a0 Uncommon trap: reason=profile_predicate action=maybe_recompile pc=0x000001dcd62ef074 method=java.util.TreeMap.put(Ljava/lang/Object;Ljava/lang/Object;Z)Ljava/lang/Object; @ 27 c2
Event: 29.294 Thread 0x000001dcea5ad8a0 DEOPT PACKING pc=0x000001dcd62ef074 sp=0x0000009ed80fd060
Event: 29.294 Thread 0x000001dcea5ad8a0 DEOPT UNPACKING pc=0x000001dcd5d53aa2 sp=0x0000009ed80fd000 mode 2
Event: 29.453 Thread 0x000001dcea5b1a40 Uncommon trap: trap_request=0xffffffde fr.pc=0x000001dcd63ff87c relative=0x00000000000007bc
Event: 29.453 Thread 0x000001dcea5b1a40 Uncommon trap: reason=class_check action=maybe_recompile pc=0x000001dcd63ff87c method=java.util.HashMap.putVal(ILjava/lang/Object;Ljava/lang/Object;ZZ)Ljava/lang/Object; @ 203 c2
Event: 29.453 Thread 0x000001dcea5b1a40 DEOPT PACKING pc=0x000001dcd63ff87c sp=0x0000009ed7efe080
Event: 29.453 Thread 0x000001dcea5b1a40 DEOPT UNPACKING pc=0x000001dcd5d53aa2 sp=0x0000009ed7efdff0 mode 2
Event: 29.453 Thread 0x000001dcea5b1a40 Uncommon trap: trap_request=0xffffffde fr.pc=0x000001dcd63ff87c relative=0x00000000000007bc
Event: 29.453 Thread 0x000001dcea5b1a40 Uncommon trap: reason=class_check action=maybe_recompile pc=0x000001dcd63ff87c method=java.util.HashMap.putVal(ILjava/lang/Object;Ljava/lang/Object;ZZ)Ljava/lang/Object; @ 203 c2
Event: 29.453 Thread 0x000001dcea5b1a40 DEOPT PACKING pc=0x000001dcd63ff87c sp=0x0000009ed7efe080
Event: 29.453 Thread 0x000001dcea5b1a40 DEOPT UNPACKING pc=0x000001dcd5d53aa2 sp=0x0000009ed7efdff0 mode 2

Classes loaded (20 events):
Event: 28.622 Loading class java/util/Vector$1
Event: 28.622 Loading class java/util/Vector$1 done
Event: 29.210 Loading class java/util/regex/Pattern$Caret
Event: 29.210 Loading class java/util/regex/Pattern$Caret done
Event: 29.407 Loading class java/util/Hashtable$ValueCollection
Event: 29.408 Loading class java/util/Hashtable$ValueCollection done
Event: 29.430 Loading class java/util/regex/Pattern$Pos
Event: 29.430 Loading class java/util/regex/Pattern$Pos done
Event: 29.434 Loading class java/util/stream/ReferencePipeline$4
Event: 29.434 Loading class java/util/stream/ReferencePipeline$4 done
Event: 29.435 Loading class java/util/stream/Nodes$IntFixedNodeBuilder
Event: 29.436 Loading class java/util/stream/Node$Builder$OfInt
Event: 29.436 Loading class java/util/stream/Node$Builder$OfInt done
Event: 29.436 Loading class java/util/stream/Nodes$IntArrayNode
Event: 29.436 Loading class java/util/stream/Nodes$IntArrayNode done
Event: 29.436 Loading class java/util/stream/Nodes$IntFixedNodeBuilder done
Event: 29.436 Loading class java/util/stream/ReferencePipeline$4$1
Event: 29.437 Loading class java/util/stream/ReferencePipeline$4$1 done
Event: 29.445 Loading class java/util/regex/PatternSyntaxException
Event: 29.446 Loading class java/util/regex/PatternSyntaxException done

Classes unloaded (20 events):
Event: 27.702 Thread 0x000001dce2043a40 Unloading class 0x000001dc8139c800 'java/lang/invoke/LambdaForm$MH+0x000001dc8139c800'
Event: 27.702 Thread 0x000001dce2043a40 Unloading class 0x000001dc8139c400 'java/lang/invoke/LambdaForm$MH+0x000001dc8139c400'
Event: 27.702 Thread 0x000001dce2043a40 Unloading class 0x000001dc8139bc00 'java/lang/invoke/LambdaForm$DMH+0x000001dc8139bc00'
Event: 27.702 Thread 0x000001dce2043a40 Unloading class 0x000001dc8139b000 'java/lang/invoke/LambdaForm$MH+0x000001dc8139b000'
Event: 27.702 Thread 0x000001dce2043a40 Unloading class 0x000001dc8139ac00 'java/lang/invoke/LambdaForm$MH+0x000001dc8139ac00'
Event: 27.702 Thread 0x000001dce2043a40 Unloading class 0x000001dc8139a000 'java/lang/invoke/LambdaForm$MH+0x000001dc8139a000'
Event: 27.702 Thread 0x000001dce2043a40 Unloading class 0x000001dc81399800 'java/lang/invoke/LambdaForm$MH+0x000001dc81399800'
Event: 27.702 Thread 0x000001dce2043a40 Unloading class 0x000001dc81399000 'java/lang/invoke/LambdaForm$MH+0x000001dc81399000'
Event: 27.702 Thread 0x000001dce2043a40 Unloading class 0x000001dc81398800 'java/lang/invoke/LambdaForm$DMH+0x000001dc81398800'
Event: 27.702 Thread 0x000001dce2043a40 Unloading class 0x000001dc81397c00 'java/lang/invoke/LambdaForm$MH+0x000001dc81397c00'
Event: 27.702 Thread 0x000001dce2043a40 Unloading class 0x000001dc81394000 'java/lang/invoke/LambdaForm$MH+0x000001dc81394000'
Event: 27.702 Thread 0x000001dce2043a40 Unloading class 0x000001dc81393800 'java/lang/invoke/LambdaForm$MH+0x000001dc81393800'
Event: 27.702 Thread 0x000001dce2043a40 Unloading class 0x000001dc81392c00 'java/lang/invoke/LambdaForm$MH+0x000001dc81392c00'
Event: 27.702 Thread 0x000001dce2043a40 Unloading class 0x000001dc81392800 'java/lang/invoke/LambdaForm$MH+0x000001dc81392800'
Event: 27.702 Thread 0x000001dce2043a40 Unloading class 0x000001dc81392000 'java/lang/invoke/LambdaForm$MH+0x000001dc81392000'
Event: 27.702 Thread 0x000001dce2043a40 Unloading class 0x000001dc81391c00 'java/lang/invoke/LambdaForm$MH+0x000001dc81391c00'
Event: 27.702 Thread 0x000001dce2043a40 Unloading class 0x000001dc81391000 'java/lang/invoke/LambdaForm$MH+0x000001dc81391000'
Event: 27.702 Thread 0x000001dce2043a40 Unloading class 0x000001dc81391400 'java/lang/invoke/LambdaForm$MH+0x000001dc81391400'
Event: 27.702 Thread 0x000001dce2043a40 Unloading class 0x000001dc81390c00 'java/lang/invoke/LambdaForm$DMH+0x000001dc81390c00'
Event: 27.702 Thread 0x000001dce2043a40 Unloading class 0x000001dc81390400 'java/lang/invoke/LambdaForm$DMH+0x000001dc81390400'

Classes redefined (0 events):
No events

Internal exceptions (20 events):
Event: 25.627 Thread 0x000001dcea5b20d0 Exception <a 'java/lang/NoSuchMethodError'{0x00000000d649bbb0}: 'int java.lang.invoke.DirectMethodHandle$Holder.invokeStaticInit(java.lang.Object, float, float)'> (0x00000000d649bbb0) 
thrown [s\src\hotspot\share\interpreter\linkResolver.cpp, line 773]
Event: 25.631 Thread 0x000001dcea5b20d0 Exception <a 'java/lang/NoSuchMethodError'{0x00000000d64a28f0}: 'int java.lang.invoke.DirectMethodHandle$Holder.invokeStaticInit(java.lang.Object, double, double)'> (0x00000000d64a28f0) 
thrown [s\src\hotspot\share\interpreter\linkResolver.cpp, line 773]
Event: 25.632 Thread 0x000001dcea5b20d0 Exception <a 'java/lang/NoSuchMethodError'{0x00000000d64a7368}: 'int java.lang.invoke.DirectMethodHandle$Holder.invokeStatic(java.lang.Object, long)'> (0x00000000d64a7368) 
thrown [s\src\hotspot\share\interpreter\linkResolver.cpp, line 773]
Event: 25.641 Thread 0x000001dcea5ad8a0 Exception <a 'java/lang/NoSuchMethodError'{0x00000000d64c82d8}: 'int java.lang.invoke.Invokers$Holder.linkToTargetMethod(java.lang.Object, java.lang.Object)'> (0x00000000d64c82d8) 
thrown [s\src\hotspot\share\interpreter\linkResolver.cpp, line 773]
Event: 25.641 Thread 0x000001dcea5b1a40 Exception <a 'java/lang/NoSuchMethodError'{0x00000000d6472268}: 'int java.lang.invoke.Invokers$Holder.linkToTargetMethod(java.lang.Object, java.lang.Object)'> (0x00000000d6472268) 
thrown [s\src\hotspot\share\interpreter\linkResolver.cpp, line 773]
Event: 26.173 Thread 0x000001dcea5b20d0 Exception <a 'java/lang/NoSuchMethodError'{0x00000000d57e19a0}: 'int java.lang.invoke.DirectMethodHandle$Holder.invokeSpecial(java.lang.Object, java.lang.Object, java.lang.Object, java.lang.Object)'> (0x00000000d57e19a0) 
thrown [s\src\hotspot\share\interpreter\linkResolver.cpp, line 773]
Event: 26.173 Thread 0x000001dcea5ad8a0 Exception <a 'java/lang/NoSuchMethodError'{0x00000000d57eb468}: 'int java.lang.invoke.DirectMethodHandle$Holder.invokeSpecial(java.lang.Object, java.lang.Object, java.lang.Object, java.lang.Object)'> (0x00000000d57eb468) 
thrown [s\src\hotspot\share\interpreter\linkResolver.cpp, line 773]
Event: 26.175 Thread 0x000001dcea5ad8a0 Exception <a 'java/lang/NoSuchMethodError'{0x00000000d5802ac0}: 'java.lang.Object java.lang.invoke.DirectMethodHandle$Holder.invokeStatic(java.lang.Object, int, java.lang.Object, java.lang.Object)'> (0x00000000d5802ac0) 
thrown [s\src\hotspot\share\interpreter\linkResolver.cpp, line 773]
Event: 26.175 Thread 0x000001dcea5b20d0 Exception <a 'java/lang/NoSuchMethodError'{0x00000000d5805710}: 'java.lang.Object java.lang.invoke.DirectMethodHandle$Holder.invokeStatic(java.lang.Object, int, java.lang.Object, java.lang.Object)'> (0x00000000d5805710) 
thrown [s\src\hotspot\share\interpreter\linkResolver.cpp, line 773]
Event: 26.176 Thread 0x000001dcea5ad8a0 Exception <a 'java/lang/NoSuchMethodError'{0x00000000d5810188}: 'java.lang.Object java.lang.invoke.DelegatingMethodHandle$Holder.delegate(java.lang.Object, int, java.lang.Object, java.lang.Object)'> (0x00000000d5810188) 
thrown [s\src\hotspot\share\interpreter\linkResolver.cpp, line 773]
Event: 26.176 Thread 0x000001dcea5b20d0 Exception <a 'java/lang/NoSuchMethodError'{0x00000000d5809170}: 'java.lang.Object java.lang.invoke.DelegatingMethodHandle$Holder.delegate(java.lang.Object, int, java.lang.Object, java.lang.Object)'> (0x00000000d5809170) 
thrown [s\src\hotspot\share\interpreter\linkResolver.cpp, line 773]
Event: 26.177 Thread 0x000001dcea5b20d0 Implicit null exception at 0x000001dcd6477100 to 0x000001dcd647746c
Event: 26.177 Thread 0x000001dcea5ad8a0 Implicit null exception at 0x000001dcd6477100 to 0x000001dcd647746c
Event: 26.180 Thread 0x000001dcea5ad8a0 Exception <a 'java/lang/NoSuchMethodError'{0x00000000d58327d0}: 'int java.lang.invoke.Invokers$Holder.linkToTargetMethod(java.lang.Object, java.lang.Object, java.lang.Object)'> (0x00000000d58327d0) 
thrown [s\src\hotspot\share\interpreter\linkResolver.cpp, line 773]
Event: 26.180 Thread 0x000001dcea5b20d0 Exception <a 'java/lang/NoSuchMethodError'{0x00000000d582bbf0}: 'int java.lang.invoke.Invokers$Holder.linkToTargetMethod(java.lang.Object, java.lang.Object, java.lang.Object)'> (0x00000000d582bbf0) 
thrown [s\src\hotspot\share\interpreter\linkResolver.cpp, line 773]
Event: 27.487 Thread 0x000001dcea5ad8a0 Exception <a 'java/lang/NoSuchMethodError'{0x00000000d63070b8}: 'java.lang.Object java.lang.invoke.DirectMethodHandle$Holder.invokeVirtual(java.lang.Object, java.lang.Object, int)'> (0x00000000d63070b8) 
thrown [s\src\hotspot\share\interpreter\linkResolver.cpp, line 773]
Event: 27.601 Thread 0x000001dcea5b20d0 Exception <a 'java/lang/LinkageError'{0x00000000d655bd98}: loader lombok.launch.ShadowClassLoader @63a348d7 attempted duplicate class definition for lombok.launch.PatchFixesHider$ValPortal. (lombok.launch.PatchFixesHider$ValPortal is in unnamed module of loader lombok.launch.ShadowClassLoader @63a348d7, parent loader org.eclipse.osgi.internal.loader.EquinoxClassLoader @696e22d4)> (0x00000000d655bd98) 
thrown [s\src\hotspot\share\classfile\systemDictionary.cpp, line 1672]
Event: 29.378 Thread 0x000001dcea5b20d0 Exception <a 'java/lang/LinkageError'{0x00000000d5db0418}: loader lombok.launch.ShadowClassLoader @6c68e90b attempted duplicate class definition for lombok.launch.PatchFixesHider$FieldInitializer. (lombok.launch.PatchFixesHider$FieldInitializer is in unnamed module of loader lombok.launch.ShadowClassLoader @6c68e90b, parent loader org.eclipse.osgi.internal.loader.EquinoxClassLoader @6204629d)> (0x00000000d5db0418) 
thrown [s\src\hotspot\share\classfile\systemDictionary.cpp, line 1672]
Event: 29.412 Thread 0x000001dcea5ad8a0 Exception <a 'java/lang/NoSuchMethodError'{0x00000000d5f38060}: 'java.lang.Object java.lang.invoke.DirectMethodHandle$Holder.invokeSpecial(java.lang.Object, java.lang.Object, java.lang.Object, java.lang.Object, int, java.lang.Object, java.lang.Object)'> (0x00000000d5f38060) 
thrown [s\src\hotspot\share\interpreter\linkResolver.cpp, line 773]
Event: 29.412 Thread 0x000001dcea5b20d0 Exception <a 'java/lang/NoSuchMethodError'{0x00000000d5dd0a48}: 'java.lang.Object java.lang.invoke.DirectMethodHandle$Holder.invokeSpecial(java.lang.Object, java.lang.Object, java.lang.Object, java.lang.Object, int, java.lang.Object, java.lang.Object)'> (0x00000000d5dd0a48) 
thrown [s\src\hotspot\share\interpreter\linkResolver.cpp, line 773]

ZGC Phase Switch (0 events):
No events

VM Operations (20 events):
Event: 26.655 Executing safepoint VM operation: ParallelGCFailedAllocation (Allocation Failure)
Event: 26.661 Executing safepoint VM operation: ParallelGCFailedAllocation (Allocation Failure) done
Event: 26.808 Executing safepoint VM operation: ParallelGCFailedAllocation (Allocation Failure)
Event: 26.819 Executing safepoint VM operation: ParallelGCFailedAllocation (Allocation Failure) done
Event: 26.975 Executing safepoint VM operation: ParallelGCFailedAllocation (Allocation Failure)
Event: 26.981 Executing safepoint VM operation: ParallelGCFailedAllocation (Allocation Failure) done
Event: 27.084 Executing non-safepoint VM operation: HandshakeAllThreads (Deoptimize)
Event: 27.084 Executing non-safepoint VM operation: HandshakeAllThreads (Deoptimize) done
Event: 27.513 Executing non-safepoint VM operation: HandshakeAllThreads (Deoptimize)
Event: 27.513 Executing non-safepoint VM operation: HandshakeAllThreads (Deoptimize) done
Event: 27.679 Executing safepoint VM operation: CollectForMetadataAllocation (Metadata GC Threshold)
Event: 27.786 Executing safepoint VM operation: CollectForMetadataAllocation (Metadata GC Threshold) done
Event: 28.024 Executing safepoint VM operation: ParallelGCFailedAllocation (Allocation Failure)
Event: 28.026 Executing safepoint VM operation: ParallelGCFailedAllocation (Allocation Failure) done
Event: 28.318 Executing safepoint VM operation: ParallelGCFailedAllocation (Allocation Failure)
Event: 28.319 Executing safepoint VM operation: ParallelGCFailedAllocation (Allocation Failure) done
Event: 29.185 Executing safepoint VM operation: ParallelGCFailedAllocation (Allocation Failure)
Event: 29.187 Executing safepoint VM operation: ParallelGCFailedAllocation (Allocation Failure) done
Event: 29.341 Executing non-safepoint VM operation: HandshakeAllThreads (Deoptimize)
Event: 29.342 Executing non-safepoint VM operation: HandshakeAllThreads (Deoptimize) done

Memory protections (0 events):
No events

Nmethod flushes (20 events):
Event: 27.718 Thread 0x000001dce2043a40 flushing  nmethod 0x000001dcceb32790
Event: 27.718 Thread 0x000001dce2043a40 flushing  nmethod 0x000001dcceb49f10
Event: 27.718 Thread 0x000001dce2043a40 flushing  nmethod 0x000001dccebad990
Event: 27.718 Thread 0x000001dce2043a40 flushing  nmethod 0x000001dccebb2290
Event: 27.718 Thread 0x000001dce2043a40 flushing  nmethod 0x000001dccebb4910
Event: 27.718 Thread 0x000001dce2043a40 flushing  nmethod 0x000001dccebbab90
Event: 27.718 Thread 0x000001dce2043a40 flushing  nmethod 0x000001dccec01210
Event: 27.718 Thread 0x000001dce2043a40 flushing  nmethod 0x000001dccec03c10
Event: 27.718 Thread 0x000001dce2043a40 flushing  nmethod 0x000001dccec26510
Event: 27.718 Thread 0x000001dce2043a40 flushing  nmethod 0x000001dccec26f10
Event: 27.718 Thread 0x000001dce2043a40 flushing  nmethod 0x000001dccec2cc90
Event: 27.718 Thread 0x000001dce2043a40 flushing  nmethod 0x000001dccec52c90
Event: 27.718 Thread 0x000001dce2043a40 flushing  nmethod 0x000001dccec72d90
Event: 27.718 Thread 0x000001dce2043a40 flushing  nmethod 0x000001dccec76110
Event: 27.718 Thread 0x000001dce2043a40 flushing  nmethod 0x000001dccec76a90
Event: 27.718 Thread 0x000001dce2043a40 flushing  nmethod 0x000001dccecaf810
Event: 27.718 Thread 0x000001dce2043a40 flushing  nmethod 0x000001dccecafc10
Event: 27.718 Thread 0x000001dce2043a40 flushing  nmethod 0x000001dccecb0590
Event: 27.718 Thread 0x000001dce2043a40 flushing  nmethod 0x000001dccecbee10
Event: 27.718 Thread 0x000001dce2043a40 flushing  nmethod 0x000001dccecc9e90

Events (20 events):
Event: 23.652 Thread 0x000001dce8a32060 Thread exited: 0x000001dce8a32060
Event: 24.099 Thread 0x000001dccb5dbcf0 Thread added: 0x000001dce8a347c0
Event: 24.100 Thread 0x000001dccb5dbcf0 Thread added: 0x000001dce8a326f0
Event: 24.100 Thread 0x000001dccb5dbcf0 Thread added: 0x000001dce8a34130
Event: 24.100 Thread 0x000001dccb5dbcf0 Thread added: 0x000001dce8a34e50
Event: 24.100 Thread 0x000001dccb5dbcf0 Thread added: 0x000001dce8a354e0
Event: 24.100 Thread 0x000001dccb5dbcf0 Thread added: 0x000001dce8a32060
Event: 24.100 Thread 0x000001dccb5dbcf0 Thread added: 0x000001dce8a32d80
Event: 24.101 Thread 0x000001dccb5dbcf0 Thread added: 0x000001dce8a33410
Event: 24.101 Thread 0x000001dccb5dbcf0 Thread added: 0x000001dcea5ad210
Event: 24.122 Thread 0x000001dccb5dbcf0 Thread added: 0x000001dcea5b3b10
Event: 24.395 Thread 0x000001dce8a33aa0 Thread added: 0x000001dcea5acb80
Event: 24.443 Thread 0x000001dccb5dbcf0 Thread added: 0x000001dcea5b2df0
Event: 24.444 Thread 0x000001dccb5dbcf0 Thread added: 0x000001dcea5b1a40
Event: 24.885 Thread 0x000001dcea5b1a40 Thread added: 0x000001dcea5b20d0
Event: 24.892 Thread 0x000001dcea5b20d0 Thread added: 0x000001dcea5ad8a0
Event: 25.890 Thread 0x000001dce392aeb0 Thread added: 0x000001dcea32d090
Event: 28.686 Thread 0x000001dcea32d090 Thread exited: 0x000001dcea32d090
Event: 29.353 Thread 0x000001dce82ac480 Thread exited: 0x000001dce82ac480
Event: 29.452 Thread 0x000001dce392aeb0 Thread added: 0x000001dcea836d30


Dynamic libraries:
0x00007ff665740000 - 0x00007ff66574e000 	c:\Users\ducuy\.vscode\extensions\redhat.java-1.53.0-win32-x64\jre\21.0.10-win32-x86_64\bin\java.exe
0x00007ffbc95d0000 - 0x00007ffbc97e8000 	C:\WINDOWS\SYSTEM32\ntdll.dll
0x00007ffbc7890000 - 0x00007ffbc7954000 	C:\WINDOWS\System32\KERNEL32.DLL
0x00007ffbc6bd0000 - 0x00007ffbc6fa3000 	C:\WINDOWS\System32\KERNELBASE.dll
0x00007ffbc2dc0000 - 0x00007ffbc2e57000 	C:\WINDOWS\SYSTEM32\apphelp.dll
0x00007ffbc6ab0000 - 0x00007ffbc6bc1000 	C:\WINDOWS\System32\ucrtbase.dll
0x00007ffbae3d0000 - 0x00007ffbae3e8000 	c:\Users\ducuy\.vscode\extensions\redhat.java-1.53.0-win32-x64\jre\21.0.10-win32-x86_64\bin\jli.dll
0x00007ffbc8cb0000 - 0x00007ffbc8e62000 	C:\WINDOWS\System32\USER32.dll
0x00007ffbc6a80000 - 0x00007ffbc6aa6000 	C:\WINDOWS\System32\win32u.dll
0x00007ffbc79f0000 - 0x00007ffbc7a19000 	C:\WINDOWS\System32\GDI32.dll
0x00007ffbc6820000 - 0x00007ffbc693b000 	C:\WINDOWS\System32\gdi32full.dll
0x00007ffbc6fe0000 - 0x00007ffbc707a000 	C:\WINDOWS\System32\msvcp_win.dll
0x00007ffb98a60000 - 0x00007ffb98a7e000 	c:\Users\ducuy\.vscode\extensions\redhat.java-1.53.0-win32-x64\jre\21.0.10-win32-x86_64\bin\VCRUNTIME140.dll
0x00007ffbb1250000 - 0x00007ffbb14ec000 	C:\WINDOWS\WinSxS\amd64_microsoft.windows.common-controls_6595b64144ccf1df_6.0.22621.6060_none_2712eda17382d24b\COMCTL32.dll
0x00007ffbc7a30000 - 0x00007ffbc7ad7000 	C:\WINDOWS\System32\msvcrt.dll
0x00007ffbc76b0000 - 0x00007ffbc76e1000 	C:\WINDOWS\System32\IMM32.DLL
0x00007ffb955b0000 - 0x00007ffb955bc000 	c:\Users\ducuy\.vscode\extensions\redhat.java-1.53.0-win32-x64\jre\21.0.10-win32-x86_64\bin\vcruntime140_1.dll
0x00007ffb63b60000 - 0x00007ffb63bed000 	c:\Users\ducuy\.vscode\extensions\redhat.java-1.53.0-win32-x64\jre\21.0.10-win32-x86_64\bin\msvcp140.dll
0x00007ffb45d00000 - 0x00007ffb46aa1000 	c:\Users\ducuy\.vscode\extensions\redhat.java-1.53.0-win32-x64\jre\21.0.10-win32-x86_64\bin\server\jvm.dll
0x00007ffbc94d0000 - 0x00007ffbc9581000 	C:\WINDOWS\System32\ADVAPI32.dll
0x00007ffbc76f0000 - 0x00007ffbc7798000 	C:\WINDOWS\System32\sechost.dll
0x00007ffbc6fb0000 - 0x00007ffbc6fd8000 	C:\WINDOWS\System32\bcrypt.dll
0x00007ffbc7b50000 - 0x00007ffbc7c68000 	C:\WINDOWS\System32\RPCRT4.dll
0x00007ffbc7630000 - 0x00007ffbc76a1000 	C:\WINDOWS\System32\WS2_32.dll
0x00007ffbc54f0000 - 0x00007ffbc553d000 	C:\WINDOWS\SYSTEM32\POWRPROF.dll
0x00007ffbbfda0000 - 0x00007ffbbfdd4000 	C:\WINDOWS\SYSTEM32\WINMM.dll
0x00007ffbbc250000 - 0x00007ffbbc25a000 	C:\WINDOWS\SYSTEM32\VERSION.dll
0x00007ffbc54d0000 - 0x00007ffbc54e3000 	C:\WINDOWS\SYSTEM32\UMPDC.dll
0x00007ffbc5770000 - 0x00007ffbc5788000 	C:\WINDOWS\SYSTEM32\kernel.appcore.dll
0x00007ffb92310000 - 0x00007ffb9231a000 	c:\Users\ducuy\.vscode\extensions\redhat.java-1.53.0-win32-x64\jre\21.0.10-win32-x86_64\bin\jimage.dll
0x00007ffbc4100000 - 0x00007ffbc4333000 	C:\WINDOWS\SYSTEM32\DBGHELP.DLL
0x00007ffbc9130000 - 0x00007ffbc94c1000 	C:\WINDOWS\System32\combase.dll
0x00007ffbc77a0000 - 0x00007ffbc7878000 	C:\WINDOWS\System32\OLEAUT32.dll
0x00007ffbad350000 - 0x00007ffbad382000 	C:\WINDOWS\SYSTEM32\dbgcore.DLL
0x00007ffbc71f0000 - 0x00007ffbc726b000 	C:\WINDOWS\System32\bcryptPrimitives.dll
0x00007ffb92300000 - 0x00007ffb9230f000 	c:\Users\ducuy\.vscode\extensions\redhat.java-1.53.0-win32-x64\jre\21.0.10-win32-x86_64\bin\instrument.dll
0x00007ffb8f4e0000 - 0x00007ffb8f500000 	c:\Users\ducuy\.vscode\extensions\redhat.java-1.53.0-win32-x64\jre\21.0.10-win32-x86_64\bin\java.dll
0x00007ffbc7e30000 - 0x00007ffbc86cc000 	C:\WINDOWS\System32\SHELL32.dll
0x00007ffbc6940000 - 0x00007ffbc6a7f000 	C:\WINDOWS\System32\wintypes.dll
0x00007ffbc4590000 - 0x00007ffbc4eaa000 	C:\WINDOWS\SYSTEM32\windows.storage.dll
0x00007ffbc8e70000 - 0x00007ffbc8f74000 	C:\WINDOWS\System32\SHCORE.dll
0x00007ffbc7270000 - 0x00007ffbc72d9000 	C:\WINDOWS\System32\shlwapi.dll
0x00007ffbc6610000 - 0x00007ffbc6635000 	C:\WINDOWS\SYSTEM32\profapi.dll
0x00007ffb8f4c0000 - 0x00007ffb8f4d8000 	c:\Users\ducuy\.vscode\extensions\redhat.java-1.53.0-win32-x64\jre\21.0.10-win32-x86_64\bin\zip.dll
0x00007ffb8f470000 - 0x00007ffb8f480000 	C:\Users\ducuy\.vscode\extensions\redhat.java-1.53.0-win32-x64\jre\21.0.10-win32-x86_64\bin\net.dll
0x00007ffbbfa20000 - 0x00007ffbbfb4c000 	C:\WINDOWS\SYSTEM32\WINHTTP.dll
0x00007ffbc5c30000 - 0x00007ffbc5c99000 	C:\WINDOWS\system32\mswsock.dll
0x00007ffb8ed80000 - 0x00007ffb8ed96000 	C:\Users\ducuy\.vscode\extensions\redhat.java-1.53.0-win32-x64\jre\21.0.10-win32-x86_64\bin\nio.dll
0x00007ffbc2490000 - 0x00007ffbc24a0000 	c:\Users\ducuy\.vscode\extensions\redhat.java-1.53.0-win32-x64\jre\21.0.10-win32-x86_64\bin\verify.dll
0x00007ffb8b8d0000 - 0x00007ffb8b915000 	C:\Users\ducuy\AppData\Roaming\Code\User\globalStorage\redhat.java\1.53.0\config_ss_win\org.eclipse.equinox.launcher\org.eclipse.equinox.launcher.win32.win32.x86_64_1.3.0.v20260203-2149\eclipse_11919.dll
0x00007ffbc7480000 - 0x00007ffbc7621000 	C:\WINDOWS\System32\ole32.dll
0x00007ffbc5f80000 - 0x00007ffbc5f9b000 	C:\WINDOWS\SYSTEM32\CRYPTSP.dll
0x00007ffbc56d0000 - 0x00007ffbc5707000 	C:\WINDOWS\system32\rsaenh.dll
0x00007ffbc5cd0000 - 0x00007ffbc5cf8000 	C:\WINDOWS\SYSTEM32\USERENV.dll
0x00007ffbc5f60000 - 0x00007ffbc5f6c000 	C:\WINDOWS\SYSTEM32\CRYPTBASE.dll
0x00007ffbc5110000 - 0x00007ffbc513d000 	C:\WINDOWS\SYSTEM32\IPHLPAPI.DLL
0x00007ffbc7880000 - 0x00007ffbc7889000 	C:\WINDOWS\System32\NSI.dll
0x00007ffb7b260000 - 0x00007ffb7b2a9000 	C:\Users\ducuy\AppData\Local\Temp\jna-95936534\jna13661999730946423862.dll
0x00007ffbc79e0000 - 0x00007ffbc79e8000 	C:\WINDOWS\System32\PSAPI.DLL
0x00007ffbbfe00000 - 0x00007ffbbfe19000 	C:\WINDOWS\SYSTEM32\dhcpcsvc6.DLL
0x00007ffbbf9b0000 - 0x00007ffbbf9cf000 	C:\WINDOWS\SYSTEM32\dhcpcsvc.DLL

JVMTI agents:
c:\Users\ducuy\.vscode\extensions\redhat.java-1.53.0-win32-x64\lombok\lombok-1.18.39-4050.jar path:c:\Users\ducuy\.vscode\extensions\redhat.java-1.53.0-win32-x64\jre\21.0.10-win32-x86_64\bin\instrument.dll, loaded, initialized, instrumentlib options:none

dbghelp: loaded successfully - version: 4.0.5 - missing functions: none
symbol engine: initialized successfully - sym options: 0x614 - pdb path: .;c:\Users\ducuy\.vscode\extensions\redhat.java-1.53.0-win32-x64\jre\21.0.10-win32-x86_64\bin;C:\WINDOWS\SYSTEM32;C:\WINDOWS\WinSxS\amd64_microsoft.windows.common-controls_6595b64144ccf1df_6.0.22621.6060_none_2712eda17382d24b;c:\Users\ducuy\.vscode\extensions\redhat.java-1.53.0-win32-x64\jre\21.0.10-win32-x86_64\bin\server;C:\Users\ducuy\AppData\Roaming\Code\User\globalStorage\redhat.java\1.53.0\config_ss_win\org.eclipse.equinox.launcher\org.eclipse.equinox.launcher.win32.win32.x86_64_1.3.0.v20260203-2149;C:\Users\ducuy\AppData\Local\Temp\jna-95936534

VM Arguments:
jvm_args: --add-modules=ALL-SYSTEM --add-opens=java.base/java.util=ALL-UNNAMED --add-opens=java.base/java.lang=ALL-UNNAMED --add-opens=java.base/sun.nio.fs=ALL-UNNAMED -Declipse.application=org.eclipse.jdt.ls.core.id1 -Dosgi.bundles.defaultStartLevel=4 -Declipse.product=org.eclipse.jdt.ls.core.product -Djava.import.generatesMetadataFilesAtProjectRoot=false -DDetectVMInstallationsJob.disabled=true -Dfile.encoding=utf8 -XX:+UseParallelGC -XX:GCTimeRatio=4 -XX:AdaptiveSizePolicyWeight=90 -Dsun.zip.disableMemoryMapping=true -Xmx2G -Xms100m -Xlog:disable -javaagent:c:\Users\ducuy\.vscode\extensions\redhat.java-1.53.0-win32-x64\lombok\lombok-1.18.39-4050.jar 
java_command: c:\Users\ducuy\.vscode\extensions\redhat.java-1.53.0-win32-x64\server\plugins\org.eclipse.equinox.launcher_1.7.100.v20251111-0406.jar -configuration c:\Users\ducuy\AppData\Roaming\Code\User\globalStorage\redhat.java\1.53.0\config_ss_win -data c:\Users\ducuy\AppData\Roaming\Code\User\workspaceStorage\f2733c32d03fe664640ec7a2b5974a22\redhat.java\ss_ws --pipe=\\.\pipe\lsp-2e62753100e29a6c7855582cf90da7b8-sock
java_class_path (initial): c:\Users\ducuy\.vscode\extensions\redhat.java-1.53.0-win32-x64\server\plugins\org.eclipse.equinox.launcher_1.7.100.v20251111-0406.jar
Launcher Type: SUN_STANDARD

[Global flags]
    uintx AdaptiveSizePolicyWeight                 = 90                                        {product} {command line}
     intx CICompilerCount                          = 4                                         {product} {ergonomic}
    uintx GCTimeRatio                              = 4                                         {product} {command line}
   size_t InitialHeapSize                          = 104857600                                 {product} {command line}
   size_t MaxHeapSize                              = 2147483648                                {product} {command line}
   size_t MaxNewSize                               = 715653120                                 {product} {ergonomic}
   size_t MinHeapDeltaBytes                        = 524288                                    {product} {ergonomic}
   size_t MinHeapSize                              = 104857600                                 {product} {command line}
   size_t NewSize                                  = 34603008                                  {product} {ergonomic}
    uintx NonNMethodCodeHeapSize                   = 5839372                                {pd product} {ergonomic}
    uintx NonProfiledCodeHeapSize                  = 122909434                              {pd product} {ergonomic}
   size_t OldSize                                  = 70254592                                  {product} {ergonomic}
    uintx ProfiledCodeHeapSize                     = 122909434                              {pd product} {ergonomic}
    uintx ReservedCodeCacheSize                    = 251658240                              {pd product} {ergonomic}
     bool SegmentedCodeCache                       = true                                      {product} {ergonomic}
   size_t SoftMaxHeapSize                          = 2147483648                             {manageable} {ergonomic}
     bool UseCompressedOops                        = true                           {product lp64_product} {ergonomic}
     bool UseLargePagesIndividualAllocation        = false                                  {pd product} {ergonomic}
     bool UseParallelGC                            = true                                      {product} {command line}

Logging:
Log output configuration:
 #0: stdout all=off uptime,level,tags foldmultilines=false
 #1: stderr all=off uptime,level,tags foldmultilines=false

Release file:
JAVA_VERSION="21.0.10" 
MODULES="java.base java.compiler java.datatransfer java.xml java.prefs java.desktop java.instrument java.logging java.management java.security.sasl java.naming java.rmi java.management.rmi java.net.http java.scripting java.security.jgss java.transaction.xa java.sql java.sql.rowset java.xml.crypto java.se java.smartcardio jdk.accessibility jdk.internal.jvmstat jdk.attach jdk.charsets jdk.internal.opt jdk.zipfs jdk.compiler jdk.crypto.ec jdk.crypto.cryptoki jdk.crypto.mscapi jdk.dynalink jdk.internal.ed jdk.editpad jdk.hotspot.agent jdk.httpserver jdk.internal.le jdk.internal.vm.ci jdk.internal.vm.compiler jdk.internal.vm.compiler.management jdk.jartool jdk.javadoc jdk.jcmd jdk.management jdk.management.agent jdk.jconsole jdk.jdeps jdk.jdwp.agent jdk.jdi jdk.jfr jdk.jshell jdk.jsobject jdk.jstatd jdk.localedata jdk.management.jfr jdk.naming.dns jdk.naming.rmi jdk.net jdk.nio.mapmode jdk.random jdk.sctp jdk.security.auth jdk.security.jgss jdk.unsupported jdk.unsupported.desktop jdk.xml.dom" 

Environment Variables:
JAVA_HOME=C:\Program Files\Java\jdk-21
PATH=C:\Program Files\Common Files\Oracle\Java\javapath;C:\WINDOWS\system32;C:\WINDOWS;C:\WINDOWS\System32\Wbem;C:\WINDOWS\System32\WindowsPowerShell\v1.0\;C:\WINDOWS\System32\OpenSSH\;C:\Program Files\Git\cmd;C:\Program Files\Microsoft SQL Server\150\Tools\Binn\;C:\Program Files\Microsoft SQL Server\Client SDK\ODBC\170\Tools\Binn\;C:\Program Files\dotnet\;C:\Program Files\Microsoft SQL Server\Client SDK\ODBC\110\Tools\Binn\;C:\Program Files (x86)\Microsoft SQL Server\120\Tools\Binn\;C:\Program Files\Microsoft SQL Server\120\Tools\Binn\;C:\Program Files\Microsoft SQL Server\120\DTS\Binn\;C:\Program Files (x86)\Microsoft SQL Server\120\Tools\Binn\ManagementStudio\;C:\Program Files (x86)\Microsoft SQL Server\120\DTS\Binn\;C:\Program Files\Cloudflare\Cloudflare WARP\;C:\Program Files\nodejs\;C:\Program Files\Docker\Docker\resources\bin;C:\Users\ducuy\AppData\Local\Microsoft\WindowsApps;C:\src\flutter_windows_3.35.4-stable\flutter\bin;C:\Program Files\Java\jdk-21\bin;C:\apache-maven-3.9.11\bin;C:\Users\ducuy\.dotnet\tools;C:\Users\ducuy\AppData\Roaming\npm;C:\Users\ducuy\AppData\Local\Programs\Microsoft VS Code\bin
USERNAME=ducuy
OS=Windows_NT
PROCESSOR_IDENTIFIER=Intel64 Family 6 Model 142 Stepping 10, GenuineIntel
TMP=C:\Users\ducuy\AppData\Local\Temp
TEMP=C:\Users\ducuy\AppData\Local\Temp




Periodic native trim disabled

---------------  S Y S T E M  ---------------

OS:
 Windows 11 , 64 bit Build 22621 (10.0.22621.5415)
OS uptime: 0 days 4:56 hours
Hyper-V role detected

CPU: total 8 (initial active 8) (4 cores per cpu, 2 threads per core) family 6 model 142 stepping 10 microcode 0xea, cx8, cmov, fxsr, ht, mmx, 3dnowpref, sse, sse2, sse3, ssse3, sse4.1, sse4.2, popcnt, lzcnt, tsc, tscinvbit, avx, avx2, aes, erms, clmul, bmi1, bmi2, adx, fma, vzeroupper, clflush, clflushopt, hv, rdtscp, f16c
Processor Information for the first 8 processors :
  Max Mhz: 1800, Current Mhz: 1600, Mhz Limit: 1584

Memory: 4k page, system-wide physical 12152M (1048M free)
TotalPageFile size 20544M (AvailPageFile size 3M)
current process WorkingSet (physical memory assigned to process): 204M, peak: 207M
current process commit charge ("private bytes"): 313M, peak: 316M

vm_info: OpenJDK 64-Bit Server VM (21.0.10+7-LTS) for windows-amd64 JRE (21.0.10+7-LTS), built on 2026-01-20T00:00:00Z by "admin" with MS VC++ 17.12 (VS2022)

END.
